&
%26
&amp
&amp;
&AMP
&AMP;
&#38
&#038
&#0038
&#00038
&#000038
&#0000038
&#38;
&#038;
&#0038;
&#00038;
&#000038;
&#0000038;
&#x26
&#x026
&#x0026
&#x00026
&#x000026
&#x0000026
&#x26;
&#x026;
&#x0026;
&#x00026;
&#x000026;
&#x0000026;
&#X26
&#X026
&#X0026
&#X00026
&#X000026
&#X0000026
&#X26;
&#X026;
&#X0026;
&#X00026;
&#X000026;
&#X0000026;
&#x26
&#x026
&#x0026
&#x00026
&#x000026
&#x0000026
&#x26;
&#x026;
&#x0026;
&#x00026;
&#x000026;
&#x0000026;
&#X26
&#X026
&#X0026
&#X00026
&#X000026
&#X0000026
&#X26;
&#X026;
&#X0026;
&#X00026;
&#X000026;
&#X0000026;
\x26
\u0026
