@
%40
&#64
&#064
&#0064
&#00064
&#000064
&#0000064
&#64;
&#064;
&#0064;
&#00064;
&#000064;
&#0000064;
&#x40
&#x040
&#x0040
&#x00040
&#x000040
&#x0000040
&#x40;
&#x040;
&#x0040;
&#x00040;
&#x000040;
&#x0000040;
&#X40
&#X040
&#X0040
&#X00040
&#X000040
&#X0000040
&#X40;
&#X040;
&#X0040;
&#X00040;
&#X000040;
&#X0000040;
&#x40
&#x040
&#x0040
&#x00040
&#x000040
&#x0000040
&#x40;
&#x040;
&#x0040;
&#x00040;
&#x000040;
&#x0000040;
&#X40
&#X040
&#X0040
&#X00040
&#X000040
&#X0000040
&#X40;
&#X040;
&#X0040;
&#X00040;
&#X000040;
&#X0000040;
\x40
\u0040
