\
%5c
%5C
&#92
&#092
&#0092
&#00092
&#000092
&#0000092
&#92;
&#092;
&#0092;
&#00092;
&#000092;
&#0000092;
&#x5c
&#x05c
&#x005c
&#x0005c
&#x00005c
&#x000005c
&#x5c;
&#x05c;
&#x005c;
&#x0005c;
&#x00005c;
&#x000005c;
&#X5c
&#X05c
&#X005c
&#X0005c
&#X00005c
&#X000005c
&#X5c;
&#X05c;
&#X005c;
&#X0005c;
&#X00005c;
&#X000005c;
&#x5C
&#x05C
&#x005C
&#x0005C
&#x00005C
&#x000005C
&#x5C;
&#x05C;
&#x005C;
&#x0005C;
&#x00005C;
&#x000005C;
&#X5C
&#X05C
&#X005C
&#X0005C
&#X00005C
&#X000005C
&#X5C;
&#X05C;
&#X005C;
&#X0005C;
&#X00005C;
&#X000005C;
\x5c
\x5C
\u005c
\u005C
