)
%29
&#41
&#041
&#0041
&#00041
&#000041
&#0000041
&#41;
&#041;
&#0041;
&#00041;
&#000041;
&#0000041;
&#x29
&#x029
&#x0029
&#x00029
&#x000029
&#x0000029
&#x29;
&#x029;
&#x0029;
&#x00029;
&#x000029;
&#x0000029;
&#X29
&#X029
&#X0029
&#X00029
&#X000029
&#X0000029
&#X29;
&#X029;
&#X0029;
&#X00029;
&#X000029;
&#X0000029;
&#x29
&#x029
&#x0029
&#x00029
&#x000029
&#x0000029
&#x29;
&#x029;
&#x0029;
&#x00029;
&#x000029;
&#x0000029;
&#X29
&#X029
&#X0029
&#X00029
&#X000029
&#X0000029
&#X29;
&#X029;
&#X0029;
&#X00029;
&#X000029;
&#X0000029;
\x29
\u0029
