:
%3a
%3A
&#58
&#058
&#0058
&#00058
&#000058
&#0000058
&#58;
&#058;
&#0058;
&#00058;
&#000058;
&#0000058;
&#x3a
&#x03a
&#x003a
&#x0003a
&#x00003a
&#x000003a
&#x3a;
&#x03a;
&#x003a;
&#x0003a;
&#x00003a;
&#x000003a;
&#X3a
&#X03a
&#X003a
&#X0003a
&#X00003a
&#X000003a
&#X3a;
&#X03a;
&#X003a;
&#X0003a;
&#X00003a;
&#X000003a;
&#x3A
&#x03A
&#x003A
&#x0003A
&#x00003A
&#x000003A
&#x3A;
&#x03A;
&#x003A;
&#x0003A;
&#x00003A;
&#x000003A;
&#X3A
&#X03A
&#X003A
&#X0003A
&#X00003A
&#X000003A
&#X3A;
&#X03A;
&#X003A;
&#X0003A;
&#X00003A;
&#X000003A;
\x3a
\x3A
\u003a
\u003A
