$
%24
&#36
&#036
&#0036
&#00036
&#000036
&#0000036
&#36;
&#036;
&#0036;
&#00036;
&#000036;
&#0000036;
&#x24
&#x024
&#x0024
&#x00024
&#x000024
&#x0000024
&#x24;
&#x024;
&#x0024;
&#x00024;
&#x000024;
&#x0000024;
&#X24
&#X024
&#X0024
&#X00024
&#X000024
&#X0000024
&#X24;
&#X024;
&#X0024;
&#X00024;
&#X000024;
&#X0000024;
&#x24
&#x024
&#x0024
&#x00024
&#x000024
&#x0000024
&#x24;
&#x024;
&#x0024;
&#x00024;
&#x000024;
&#x0000024;
&#X24
&#X024
&#X0024
&#X00024
&#X000024
&#X0000024
&#X24;
&#X024;
&#X0024;
&#X00024;
&#X000024;
&#X0000024;
\x24
\u0024
