"
%22
&quot
&quot;
&QUOT
&QUOT;
&#34
&#034
&#0034
&#00034
&#000034
&#0000034
&#34;
&#034;
&#0034;
&#00034;
&#000034;
&#0000034;
&#x22
&#x022
&#x0022
&#x00022
&#x000022
&#x0000022
&#x22;
&#x022;
&#x0022;
&#x00022;
&#x000022;
&#x0000022;
&#X22
&#X022
&#X0022
&#X00022
&#X000022
&#X0000022
&#X22;
&#X022;
&#X0022;
&#X00022;
&#X000022;
&#X0000022;
&#x22
&#x022
&#x0022
&#x00022
&#x000022
&#x0000022
&#x22;
&#x022;
&#x0022;
&#x00022;
&#x000022;
&#x0000022;
&#X22
&#X022
&#X0022
&#X00022
&#X000022
&#X0000022
&#X22;
&#X022;
&#X0022;
&#X00022;
&#X000022;
&#X0000022;
\x22
\u0022
