=
%3d
%3D
&#61
&#061
&#0061
&#00061
&#000061
&#0000061
&#61;
&#061;
&#0061;
&#00061;
&#000061;
&#0000061;
&#x3d
&#x03d
&#x003d
&#x0003d
&#x00003d
&#x000003d
&#x3d;
&#x03d;
&#x003d;
&#x0003d;
&#x00003d;
&#x000003d;
&#X3d
&#X03d
&#X003d
&#X0003d
&#X00003d
&#X000003d
&#X3d;
&#X03d;
&#X003d;
&#X0003d;
&#X00003d;
&#X000003d;
&#x3D
&#x03D
&#x003D
&#x0003D
&#x00003D
&#x000003D
&#x3D;
&#x03D;
&#x003D;
&#x0003D;
&#x00003D;
&#x000003D;
&#X3D
&#X03D
&#X003D
&#X0003D
&#X00003D
&#X000003D
&#X3D;
&#X03D;
&#X003D;
&#X0003D;
&#X00003D;
&#X000003D;
\x3d
\x3D
\u003d
\u003D
