!
%21
&#33
&#033
&#0033
&#00033
&#000033
&#0000033
&#33;
&#033;
&#0033;
&#00033;
&#000033;
&#0000033;
&#x21
&#x021
&#x0021
&#x00021
&#x000021
&#x0000021
&#x21;
&#x021;
&#x0021;
&#x00021;
&#x000021;
&#x0000021;
&#X21
&#X021
&#X0021
&#X00021
&#X000021
&#X0000021
&#X21;
&#X021;
&#X0021;
&#X00021;
&#X000021;
&#X0000021;
&#x21
&#x021
&#x0021
&#x00021
&#x000021
&#x0000021
&#x21;
&#x021;
&#x0021;
&#x00021;
&#x000021;
&#x0000021;
&#X21
&#X021
&#X0021
&#X00021
&#X000021
&#X0000021
&#X21;
&#X021;
&#X0021;
&#X00021;
&#X000021;
&#X0000021;
\x21
\u0021
