`
%60
&#69
&#069
&#0069
&#00069
&#000069
&#0000069
&#69;
&#069;
&#0069;
&#00069;
&#000069;
&#0000069;
&#x60
&#x060
&#x0060
&#x00060
&#x000060
&#x0000060
&#x60;
&#x060;
&#x0060;
&#x00060;
&#x000060;
&#x0000060;
&#X60
&#X060
&#X0060
&#X00060
&#X000060
&#X0000060
&#X60;
&#X060;
&#X0060;
&#X00060;
&#X000060;
&#X0000060;
&#x60
&#x060
&#x0060
&#x00060
&#x000060
&#x0000060
&#x60;
&#x060;
&#x0060;
&#x00060;
&#x000060;
&#x0000060;
&#X60
&#X060
&#X0060
&#X00060
&#X000060
&#X0000060
&#X60;
&#X060;
&#X0060;
&#X00060;
&#X000060;
&#X0000060;
\x60
\u0060
