#
%23
&#35
&#035
&#0035
&#00035
&#000035
&#0000035
&#35;
&#035;
&#0035;
&#00035;
&#000035;
&#0000035;
&#x23
&#x023
&#x0023
&#x00023
&#x000023
&#x0000023
&#x23;
&#x023;
&#x0023;
&#x00023;
&#x000023;
&#x0000023;
&#X23
&#X023
&#X0023
&#X00023
&#X000023
&#X0000023
&#X23;
&#X023;
&#X0023;
&#X00023;
&#X000023;
&#X0000023;
&#x23
&#x023
&#x0023
&#x00023
&#x000023
&#x0000023
&#x23;
&#x023;
&#x0023;
&#x00023;
&#x000023;
&#x0000023;
&#X23
&#X023
&#X0023
&#X00023
&#X000023
&#X0000023
&#X23;
&#X023;
&#X0023;
&#X00023;
&#X000023;
&#X0000023;
\x23
\u0023
