-
%2d
%2D
&#45
&#045
&#0045
&#00045
&#000045
&#0000045
&#45;
&#045;
&#0045;
&#00045;
&#000045;
&#0000045;
&#x2d
&#x02d
&#x002d
&#x0002d
&#x00002d
&#x000002d
&#x2d;
&#x02d;
&#x002d;
&#x0002d;
&#x00002d;
&#x000002d;
&#X2d
&#X02d
&#X002d
&#X0002d
&#X00002d
&#X000002d
&#X2d;
&#X02d;
&#X002d;
&#X0002d;
&#X00002d;
&#X000002d;
&#x2D
&#x02D
&#x002D
&#x0002D
&#x00002D
&#x000002D
&#x2D;
&#x02D;
&#x002D;
&#x0002D;
&#x00002D;
&#x000002D;
&#X2D
&#X02D
&#X002D
&#X0002D
&#X00002D
&#X000002D
&#X2D;
&#X02D;
&#X002D;
&#X0002D;
&#X00002D;
&#X000002D;
\x2d
\x2D
\u002d
\u002D
