(
%28
&#40
&#040
&#0040
&#00040
&#000040
&#0000040
&#40;
&#040;
&#0040;
&#00040;
&#000040;
&#0000040;
&#x28
&#x028
&#x0028
&#x00028
&#x000028
&#x0000028
&#x28;
&#x028;
&#x0028;
&#x00028;
&#x000028;
&#x0000028;
&#X28
&#X028
&#X0028
&#X00028
&#X000028
&#X0000028
&#X28;
&#X028;
&#X0028;
&#X00028;
&#X000028;
&#X0000028;
&#x28
&#x028
&#x0028
&#x00028
&#x000028
&#x0000028
&#x28;
&#x028;
&#x0028;
&#x00028;
&#x000028;
&#x0000028;
&#X28
&#X028
&#X0028
&#X00028
&#X000028
&#X0000028
&#X28;
&#X028;
&#X0028;
&#X00028;
&#X000028;
&#X0000028;
\x28
\u0028
