%
%25
&#37
&#037
&#0037
&#00037
&#000037
&#0000037
&#37;
&#037;
&#0037;
&#00037;
&#000037;
&#0000037;
&#x25
&#x025
&#x0025
&#x00025
&#x000025
&#x0000025
&#x25;
&#x025;
&#x0025;
&#x00025;
&#x000025;
&#x0000025;
&#X25
&#X025
&#X0025
&#X00025
&#X000025
&#X0000025
&#X25;
&#X025;
&#X0025;
&#X00025;
&#X000025;
&#X0000025;
&#x25
&#x025
&#x0025
&#x00025
&#x000025
&#x0000025
&#x25;
&#x025;
&#x0025;
&#x00025;
&#x000025;
&#x0000025;
&#X25
&#X025
&#X0025
&#X00025
&#X000025
&#X0000025
&#X25;
&#X025;
&#X0025;
&#X00025;
&#X000025;
&#X0000025;
\x25
\u0025
