.
%2e
%2E
&#46
&#046
&#0046
&#00046
&#000046
&#0000046
&#46;
&#046;
&#0046;
&#00046;
&#000046;
&#0000046;
&#x2e
&#x02e
&#x002e
&#x0002e
&#x00002e
&#x000002e
&#x2e;
&#x02e;
&#x002e;
&#x0002e;
&#x00002e;
&#x000002e;
&#X2e
&#X02e
&#X002e
&#X0002e
&#X00002e
&#X000002e
&#X2e;
&#X02e;
&#X002e;
&#X0002e;
&#X00002e;
&#X000002e;
&#x2E
&#x02E
&#x002E
&#x0002E
&#x00002E
&#x000002E
&#x2E;
&#x02E;
&#x002E;
&#x0002E;
&#x00002E;
&#x000002E;
&#X2E
&#X02E
&#X002E
&#X0002E
&#X00002E
&#X000002E
&#X2E;
&#X02E;
&#X002E;
&#X0002E;
&#X00002E;
&#X000002E;
\x2e
\x2E
\u002e
\u002E
