+
%2b
%2B
&#43
&#043
&#0043
&#00043
&#000043
&#0000043
&#43;
&#043;
&#0043;
&#00043;
&#000043;
&#0000043;
&#x2b
&#x02b
&#x002b
&#x0002b
&#x00002b
&#x000002b
&#x2b;
&#x02b;
&#x002b;
&#x0002b;
&#x00002b;
&#x000002b;
&#X2b
&#X02b
&#X002b
&#X0002b
&#X00002b
&#X000002b
&#X2b;
&#X02b;
&#X002b;
&#X0002b;
&#X00002b;
&#X000002b;
&#x2B
&#x02B
&#x002B
&#x0002B
&#x00002B
&#x000002B
&#x2B;
&#x02B;
&#x002B;
&#x0002B;
&#x00002B;
&#x000002B;
&#X2B
&#X02B
&#X002B
&#X0002B
&#X00002B
&#X000002B
&#X2B;
&#X02B;
&#X002B;
&#X0002B;
&#X00002B;
&#X000002B;
\x2b
\x2B
\u002b
\u002B
