?
%3f
%3F
&#63
&#063
&#0063
&#00063
&#000063
&#0000063
&#63;
&#063;
&#0063;
&#00063;
&#000063;
&#0000063;
&#x3f
&#x03f
&#x003f
&#x0003f
&#x00003f
&#x000003f
&#x3f;
&#x03f;
&#x003f;
&#x0003f;
&#x00003f;
&#x000003f;
&#X3f
&#X03f
&#X003f
&#X0003f
&#X00003f
&#X000003f
&#X3f;
&#X03f;
&#X003f;
&#X0003f;
&#X00003f;
&#X000003f;
&#x3F
&#x03F
&#x003F
&#x0003F
&#x00003F
&#x000003F
&#x3F;
&#x03F;
&#x003F;
&#x0003F;
&#x00003F;
&#x000003F;
&#X3F
&#X03F
&#X003F
&#X0003F
&#X00003F
&#X000003F
&#X3F;
&#X03F;
&#X003F;
&#X0003F;
&#X00003F;
&#X000003F;
\x3f
\x3F
\u003f
\u003F
