;
%3b
%3B
&#59
&#059
&#0059
&#00059
&#000059
&#0000059
&#59;
&#059;
&#0059;
&#00059;
&#000059;
&#0000059;
&#x3b
&#x03b
&#x003b
&#x0003b
&#x00003b
&#x000003b
&#x3b;
&#x03b;
&#x003b;
&#x0003b;
&#x00003b;
&#x000003b;
&#X3b
&#X03b
&#X003b
&#X0003b
&#X00003b
&#X000003b
&#X3b;
&#X03b;
&#X003b;
&#X0003b;
&#X00003b;
&#X000003b;
&#x3B
&#x03B
&#x003B
&#x0003B
&#x00003B
&#x000003B
&#x3B;
&#x03B;
&#x003B;
&#x0003B;
&#x00003B;
&#x000003B;
&#X3B
&#X03B
&#X003B
&#X0003B
&#X00003B
&#X000003B
&#X3B;
&#X03B;
&#X003B;
&#X0003B;
&#X00003B;
&#X000003B;
\x3b
\x3B
\u003b
\u003B
