'
%27
&apos
&apos;
&APOS
&APOS;
&#39
&#039
&#0039
&#00039
&#000039
&#0000039
&#39;
&#039;
&#0039;
&#00039;
&#000039;
&#0000039;
&#x27
&#x027
&#x0027
&#x00027
&#x000027
&#x0000027
&#x27;
&#x027;
&#x0027;
&#x00027;
&#x000027;
&#x0000027;
&#X27
&#X027
&#X0027
&#X00027
&#X000027
&#X0000027
&#X27;
&#X027;
&#X0027;
&#X00027;
&#X000027;
&#X0000027;
&#x27
&#x027
&#x0027
&#x00027
&#x000027
&#x0000027
&#x27;
&#x027;
&#x0027;
&#x00027;
&#x000027;
&#x0000027;
&#X27
&#X027
&#X0027
&#X00027
&#X000027
&#X0000027
&#X27;
&#X027;
&#X0027;
&#X00027;
&#X000027;
&#X0000027;
\x27
\u0027
