/
%2f
%2F
&#47
&#047
&#0047
&#00047
&#000047
&#0000047
&#47;
&#047;
&#0047;
&#00047;
&#000047;
&#0000047;
&#x2f
&#x02f
&#x002f
&#x0002f
&#x00002f
&#x000002f
&#x2f;
&#x02f;
&#x002f;
&#x0002f;
&#x00002f;
&#x000002f;
&#X2f
&#X02f
&#X002f
&#X0002f
&#X00002f
&#X000002f
&#X2f;
&#X02f;
&#X002f;
&#X0002f;
&#X00002f;
&#X000002f;
&#x2F
&#x02F
&#x002F
&#x0002F
&#x00002F
&#x000002F
&#x2F;
&#x02F;
&#x002F;
&#x0002F;
&#x00002F;
&#x000002F;
&#X2F
&#X02F
&#X002F
&#X0002F
&#X00002F
&#X000002F
&#X2F;
&#X02F;
&#X002F;
&#X0002F;
&#X00002F;
&#X000002F;
\x2f
\x2F
\u002f
\u002F
